ARM GAS  C:\Users\Volk\AppData\Local\Temp\ccgGmgQK.s 			page 1


   1              		.cpu cortex-m4
   2              		.eabi_attribute 27, 1
   3              		.eabi_attribute 28, 1
   4              		.eabi_attribute 20, 1
   5              		.eabi_attribute 21, 1
   6              		.eabi_attribute 23, 3
   7              		.eabi_attribute 24, 1
   8              		.eabi_attribute 25, 1
   9              		.eabi_attribute 26, 1
  10              		.eabi_attribute 30, 6
  11              		.eabi_attribute 34, 1
  12              		.eabi_attribute 18, 4
  13              		.file	"main.cpp"
  14              		.text
  15              		.section	.text.main,"ax",%progbits
  16              		.align	1
  17              		.global	main
  18              		.arch armv7e-m
  19              		.syntax unified
  20              		.thumb
  21              		.thumb_func
  22              		.fpu fpv4-sp-d16
  24              	main:
  25              		@ args = 0, pretend = 0, frame = 8
  26              		@ frame_needed = 1, uses_anonymous_args = 0
  27              		@ link register save eliminated.
  28 0000 80B4     		push	{r7}
  29 0002 83B0     		sub	sp, sp, #12
  30 0004 00AF     		add	r7, sp, #0
  31 0006 1C4B     		ldr	r3, .L7
  32 0008 1B6B     		ldr	r3, [r3, #48]
  33 000a 1B4A     		ldr	r2, .L7
  34 000c 43F00103 		orr	r3, r3, #1
  35 0010 1363     		str	r3, [r2, #48]
  36 0012 1A4B     		ldr	r3, .L7+4
  37 0014 4FF48062 		mov	r2, #1024
  38 0018 1A60     		str	r2, [r3]
  39 001a 184B     		ldr	r3, .L7+4
  40 001c 4FF44062 		mov	r2, #3072
  41 0020 9A60     		str	r2, [r3, #8]
  42 0022 174B     		ldr	r3, .L7+8
  43 0024 3B60     		str	r3, [r7]
  44              	.L6:
  45 0026 154B     		ldr	r3, .L7+4
  46 0028 9B69     		ldr	r3, [r3, #24]
  47 002a 144A     		ldr	r2, .L7+4
  48 002c 43F02003 		orr	r3, r3, #32
  49 0030 9361     		str	r3, [r2, #24]
  50 0032 0023     		movs	r3, #0
  51 0034 7B60     		str	r3, [r7, #4]
  52              	.L3:
  53 0036 7B68     		ldr	r3, [r7, #4]
  54 0038 5A1C     		adds	r2, r3, #1
  55 003a 7A60     		str	r2, [r7, #4]
  56 003c 3A68     		ldr	r2, [r7]
  57 003e 9A42     		cmp	r2, r3
  58 0040 8CBF     		ite	hi
ARM GAS  C:\Users\Volk\AppData\Local\Temp\ccgGmgQK.s 			page 2


  59 0042 0123     		movhi	r3, #1
  60 0044 0023     		movls	r3, #0
  61 0046 DBB2     		uxtb	r3, r3
  62 0048 002B     		cmp	r3, #0
  63 004a 00D0     		beq	.L2
  64 004c F3E7     		b	.L3
  65              	.L2:
  66 004e 0B4B     		ldr	r3, .L7+4
  67 0050 9B69     		ldr	r3, [r3, #24]
  68 0052 0A4A     		ldr	r2, .L7+4
  69 0054 43F40013 		orr	r3, r3, #2097152
  70 0058 9361     		str	r3, [r2, #24]
  71 005a 0023     		movs	r3, #0
  72 005c 7B60     		str	r3, [r7, #4]
  73              	.L5:
  74 005e 7B68     		ldr	r3, [r7, #4]
  75 0060 5A1C     		adds	r2, r3, #1
  76 0062 7A60     		str	r2, [r7, #4]
  77 0064 3A68     		ldr	r2, [r7]
  78 0066 9A42     		cmp	r2, r3
  79 0068 8CBF     		ite	hi
  80 006a 0123     		movhi	r3, #1
  81 006c 0023     		movls	r3, #0
  82 006e DBB2     		uxtb	r3, r3
  83 0070 002B     		cmp	r3, #0
  84 0072 D8D0     		beq	.L6
  85 0074 F3E7     		b	.L5
  86              	.L8:
  87 0076 00BF     		.align	2
  88              	.L7:
  89 0078 00380240 		.word	1073887232
  90 007c 00000240 		.word	1073872896
  91 0080 40420F00 		.word	1000000
  93              		.ident	"GCC: (GNU MCU Eclipse ARM Embedded GCC, 64-bit) 8.2.1 20181213 (release) [gcc-8-branch rev
ARM GAS  C:\Users\Volk\AppData\Local\Temp\ccgGmgQK.s 			page 3


DEFINED SYMBOLS
                            *ABS*:0000000000000000 main.cpp
C:\Users\Volk\AppData\Local\Temp\ccgGmgQK.s:16     .text.main:0000000000000000 $t
C:\Users\Volk\AppData\Local\Temp\ccgGmgQK.s:24     .text.main:0000000000000000 main
C:\Users\Volk\AppData\Local\Temp\ccgGmgQK.s:89     .text.main:0000000000000078 $d

NO UNDEFINED SYMBOLS
